<?xml version="1.0" encoding="UTF-8"?>
<testsuite xmlns:xsi="http://www.w3.org/2001/XMLSchema-instance" xsi:noNamespaceSchemaLocation="https://maven.apache.org/surefire/maven-surefire-plugin/xsd/surefire-test-report.xsd" version="3.0.2" name="com.doce_ai.DoceAiApplicationTests" time="2.403" tests="1" errors="0" skipped="0" failures="0">
  <properties>
[...]
</properties>
  <testcase name="contextLoads" classname="com.doce_ai.DoceAiApplicationTests" time="0.609">
    <system-out><![CDATA[15:48:16.714 [main] INFO org.springframework.test.context.support.AnnotationConfigContextLoaderUtils -- Could not detect default configuration classes for test class [com.doce_ai.DoceAiApplicationTests]: DoceAiApplicationTests does not declare any static, non-private, non-final, nested classes annotated with @Configuration.
15:48:16.807 [main] INFO org.springframework.boot.test.context.SpringBootTestContextBootstrapper -- Found @SpringBootConfiguration com.doce_ai.DoceAiApplication for test class com.doce_ai.DoceAiApplicationTests
15:48:16.966 [main] INFO org.springframework.boot.devtools.restart.RestartApplicationListener -- Restart disabled due to context in which it is running

  .   ____          _            __ _ _
 /\\ / ___'_ __ _ _(_)_ __  __ _ \ \ \ \
( ( )\___ | '_ | '_| | '_ \/ _` | \ \ \ \
 \\/  ___)| |_)| | | | | || (_| |  ) ) ) )
  '  |____| .__|_| |_|_| |_\__, | / / / /
 =========|_|==============|___/=/_/_/_/

 :: Spring Boot ::                (v3.4.1)

2024-12-25T15:48:17.219+05:30  INFO 24060 --- [doce_ai] [           main] com.doce_ai.DoceAiApplicationTests       : Starting DoceAiApplicationTests using Java 21.0.1 with PID 24060 (started by KIIT in C:\My_Projects\CoDoc_Application\doce_ai)
2024-12-25T15:48:17.220+05:30  INFO 24060 --- [doce_ai] [           main] com.doce_ai.DoceAiApplicationTests       : No active profile set, falling back to 1 default profile: "default"
2024-12-25T15:48:18.363+05:30  INFO 24060 --- [doce_ai] [           main] com.doce_ai.DoceAiApplicationTests       : Started DoceAiApplicationTests in 1.409 seconds (process running for 2.227)
]]></system-out>
    <system-err><![CDATA[Mockito is currently self-attaching to enable the inline-mock-maker. This will no longer work in future releases of the JDK. Please add Mockito as an agent to your build what is described in Mockito's documentation: https://javadoc.io/doc/org.mockito/mockito-core/latest/org/mockito/Mockito.html#0.3
WARNING: A Java agent has been loaded dynamically (C:\Users\KIIT\.m2\repository\net\bytebuddy\byte-buddy-agent\1.15.11\byte-buddy-agent-1.15.11.jar)
WARNING: If a serviceability tool is in use, please run with -XX:+EnableDynamicAgentLoading to hide this warning
WARNING: If a serviceability tool is not in use, please run with -Djdk.instrument.traceUsage for more information
WARNING: Dynamic loading of agents will be disallowed by default in a future release
]]></system-err>
  </testcase>
</testsuite>